android/app/build/outputs/logs/manifest-merger-debug-report.txt
-- Merging decision tree log ---
manifest
ADDED from src/main/AndroidManifest.xml:1:1-26:12
INJECTED from src/main/AndroidManifest.xml:1:1-26:12
INJECTED from src/main/AndroidManifest.xml:1:1-26:12
INJECTED from src/main/AndroidManifest.xml:1:1-26:12
MERGED from [:react-native-zoom-sdk] AndroidManifest.xml:2:1-11:12
MERGED from [com.android.support:multidex:1.0.2] AndroidManifest.xml:17:1-22:12
MERGED from [com.facebook.react:react-native:0.57.4] AndroidManifest.xml:2:1-15:12
MERGED from [com.android.support:appcompat-v7:27.1.1] AndroidManifest.xml:17:1-22:12
MERGED from [:zoomsdk] AndroidManifest.xml:2:1-132:12
MERGED from [:zoomcommonlib] AndroidManifest.xml:2:1-9:12
MERGED from [com.android.support:support-fragment:27.1.1] AndroidManifest.xml:17:1-22:12
MERGED from [com.android.support:animated-vector-drawable:27.1.1] AndroidManifest.xml:17:1-22:12
MERGED from [com.android.support:support-core-ui:27.1.1] AndroidManifest.xml:17:1-22:12
MERGED from [com.android.support:support-core-utils:27.1.1] AndroidManifest.xml:17:1-22:12
MERGED from [com.android.support:support-vector-drawable:27.1.1] AndroidManifest.xml:17:1-22:12
MERGED from [com.android.support:support-compat:27.1.1] AndroidManifest.xml:17:1-22:12
MERGED from [com.facebook.fresco:fresco:1.10.0] AndroidManifest.xml:2:1-9:12
MERGED from [com.facebook.fresco:imagepipeline-okhttp3:1.10.0] AndroidManifest.xml:2:1-9:12
MERGED from [com.facebook.fresco:drawee:1.10.0] AndroidManifest.xml:2:1-9:12
MERGED from [com.facebook.fresco:imagepipeline:1.10.0] AndroidManifest.xml:2:1-9:12
MERGED from [com.facebook.fresco:imagepipeline-base:1.10.0] AndroidManifest.xml:2:1-9:12
MERGED from [com.facebook.soloader:soloader:0.5.1] AndroidManifest.xml:2:1-13:12
MERGED from [org.webkit:android-jsc:r174650] AndroidManifest.xml:1:1-3:12
MERGED from [android.arch.lifecycle:livedata-core:1.1.0] AndroidManifest.xml:17:1-22:12
MERGED from [android.arch.lifecycle:viewmodel:1.1.0] AndroidManifest.xml:17:1-22:12
MERGED from [com.facebook.fresco:fbcore:1.10.0] AndroidManifest.xml:2:1-9:12
MERGED from [android.arch.lifecycle:runtime:1.1.0] AndroidManifest.xml:17:1-22:12
MERGED from [android.arch.core:runtime:1.1.0] AndroidManifest.xml:17:1-22:12
INJECTED from src/main/AndroidManifest.xml:1:1-26:12
INJECTED from src/main/AndroidManifest.xml:1:1-26:12
INJECTED from src/main/AndroidManifest.xml:1:1-26:12
	package
		ADDED from src/main/AndroidManifest.xml:2:5-36
		INJECTED from src/main/AndroidManifest.xml
		INJECTED from src/main/AndroidManifest.xml
	android:versionName
		INJECTED from src/main/AndroidManifest.xml
		ADDED from src/main/AndroidManifest.xml:1:1-26:12
		INJECTED from src/main/AndroidManifest.xml
	android:versionCode
		INJECTED from src/main/AndroidManifest.xml
		ADDED from src/main/AndroidManifest.xml:1:1-26:12
		INJECTED from src/main/AndroidManifest.xml
	xmlns:android
		ADDED from src/main/AndroidManifest.xml:1:11-69
uses-permission#android.permission.INTERNET
ADDED from src/main/AndroidManifest.xml:4:5-67
MERGED from [:zoomsdk] AndroidManifest.xml:29:5-67
MERGED from [:zoomsdk] AndroidManifest.xml:29:5-67
	android:name
		ADDED from src/main/AndroidManifest.xml:4:22-64
uses-permission#android.permission.SYSTEM_ALERT_WINDOW
ADDED from src/main/AndroidManifest.xml:5:5-77
MERGED from [com.facebook.react:react-native:0.57.4] AndroidManifest.xml:11:5-78
MERGED from [com.facebook.react:react-native:0.57.4] AndroidManifest.xml:11:5-78
MERGED from [:zoomsdk] AndroidManifest.xml:41:5-78
MERGED from [:zoomsdk] AndroidManifest.xml:41:5-78
	android:name
		ADDED from src/main/AndroidManifest.xml:5:22-75
application
ADDED from src/main/AndroidManifest.xml:7:5-24:19
MERGED from [com.facebook.react:react-native:0.57.4] AndroidManifest.xml:13:5-20
MERGED from [com.facebook.react:react-native:0.57.4] AndroidManifest.xml:13:5-20
MERGED from [:zoomsdk] AndroidManifest.xml:43:5-130:19
MERGED from [:zoomsdk] AndroidManifest.xml:43:5-130:19
MERGED from [com.facebook.soloader:soloader:0.5.1] AndroidManifest.xml:11:5-20
MERGED from [com.facebook.soloader:soloader:0.5.1] AndroidManifest.xml:11:5-20
MERGED from [org.webkit:android-jsc:r174650] AndroidManifest.xml:2:3-17
MERGED from [org.webkit:android-jsc:r174650] AndroidManifest.xml:2:3-17
	android:label
		ADDED from src/main/AndroidManifest.xml:9:7-39
	android:icon
		ADDED from src/main/AndroidManifest.xml:10:7-41
	android:allowBackup
		ADDED from src/main/AndroidManifest.xml:11:7-34
	android:theme
		ADDED from src/main/AndroidManifest.xml:12:7-38
	android:name
		ADDED from src/main/AndroidManifest.xml:8:7-38
activity#com.react_native_zoom.MainActivity
ADDED from src/main/AndroidManifest.xml:13:7-22:18
	android:label
		ADDED from src/main/AndroidManifest.xml:15:9-41
	android:windowSoftInputMode
		ADDED from src/main/AndroidManifest.xml:17:9-51
	android:configChanges
		ADDED from src/main/AndroidManifest.xml:16:9-79
	android:name
		ADDED from src/main/AndroidManifest.xml:14:9-37
intent-filter#action:name:android.intent.action.MAIN+category:name:android.intent.category.LAUNCHER
ADDED from src/main/AndroidManifest.xml:18:9-21:25
action#android.intent.action.MAIN
ADDED from src/main/AndroidManifest.xml:19:13-65
	android:name
		ADDED from src/main/AndroidManifest.xml:19:21-62
category#android.intent.category.LAUNCHER
ADDED from src/main/AndroidManifest.xml:20:13-73
	android:name
		ADDED from src/main/AndroidManifest.xml:20:23-70
activity#com.facebook.react.devsupport.DevSettingsActivity
ADDED from src/main/AndroidManifest.xml:23:7-84
	android:name
		ADDED from src/main/AndroidManifest.xml:23:17-81
uses-sdk
INJECTED from src/main/AndroidManifest.xml reason: use-sdk injection requested
INJECTED from src/main/AndroidManifest.xml
INJECTED from src/main/AndroidManifest.xml
MERGED from [:react-native-zoom-sdk] AndroidManifest.xml:7:5-9:41
MERGED from [:react-native-zoom-sdk] AndroidManifest.xml:7:5-9:41
MERGED from [com.android.support:multidex:1.0.2] AndroidManifest.xml:20:5-43
MERGED from [com.android.support:multidex:1.0.2] AndroidManifest.xml:20:5-43
MERGED from [com.facebook.react:react-native:0.57.4] AndroidManifest.xml:7:5-9:41
MERGED from [com.facebook.react:react-native:0.57.4] AndroidManifest.xml:7:5-9:41
MERGED from [com.android.support:appcompat-v7:27.1.1] AndroidManifest.xml:20:5-44
MERGED from [com.android.support:appcompat-v7:27.1.1] AndroidManifest.xml:20:5-44
MERGED from [:zoomsdk] AndroidManifest.xml:7:5-9:41
MERGED from [:zoomsdk] AndroidManifest.xml:7:5-9:41
MERGED from [:zoomcommonlib] AndroidManifest.xml:7:5-44
MERGED from [:zoomcommonlib] AndroidManifest.xml:7:5-44
MERGED from [com.android.support:support-fragment:27.1.1] AndroidManifest.xml:20:5-44
MERGED from [com.android.support:support-fragment:27.1.1] AndroidManifest.xml:20:5-44
MERGED from [com.android.support:animated-vector-drawable:27.1.1] AndroidManifest.xml:20:5-44
MERGED from [com.android.support:animated-vector-drawable:27.1.1] AndroidManifest.xml:20:5-44
MERGED from [com.android.support:support-core-ui:27.1.1] AndroidManifest.xml:20:5-44
MERGED from [com.android.support:support-core-ui:27.1.1] AndroidManifest.xml:20:5-44
MERGED from [com.android.support:support-core-utils:27.1.1] AndroidManifest.xml:20:5-44
MERGED from [com.android.support:support-core-utils:27.1.1] AndroidManifest.xml:20:5-44
MERGED from [com.android.support:support-vector-drawable:27.1.1] AndroidManifest.xml:20:5-44
MERGED from [com.android.support:support-vector-drawable:27.1.1] AndroidManifest.xml:20:5-44
MERGED from [com.android.support:support-compat:27.1.1] AndroidManifest.xml:20:5-44
MERGED from [com.android.support:support-compat:27.1.1] AndroidManifest.xml:20:5-44
MERGED from [com.facebook.fresco:fresco:1.10.0] AndroidManifest.xml:5:5-7:41
MERGED from [com.facebook.fresco:fresco:1.10.0] AndroidManifest.xml:5:5-7:41
MERGED from [com.facebook.fresco:imagepipeline-okhttp3:1.10.0] AndroidManifest.xml:5:5-7:41
MERGED from [com.facebook.fresco:imagepipeline-okhttp3:1.10.0] AndroidManifest.xml:5:5-7:41
MERGED from [com.facebook.fresco:drawee:1.10.0] AndroidManifest.xml:5:5-7:41
MERGED from [com.facebook.fresco:drawee:1.10.0] AndroidManifest.xml:5:5-7:41
MERGED from [com.facebook.fresco:imagepipeline:1.10.0] AndroidManifest.xml:5:5-7:41
MERGED from [com.facebook.fresco:imagepipeline:1.10.0] AndroidManifest.xml:5:5-7:41
MERGED from [com.facebook.fresco:imagepipeline-base:1.10.0] AndroidManifest.xml:5:5-7:41
MERGED from [com.facebook.fresco:imagepipeline-base:1.10.0] AndroidManifest.xml:5:5-7:41
MERGED from [com.facebook.soloader:soloader:0.5.1] AndroidManifest.xml:7:5-9:41
MERGED from [com.facebook.soloader:soloader:0.5.1] AndroidManifest.xml:7:5-9:41
MERGED from [android.arch.lifecycle:livedata-core:1.1.0] AndroidManifest.xml:20:5-44
MERGED from [android.arch.lifecycle:livedata-core:1.1.0] AndroidManifest.xml:20:5-44
MERGED from [android.arch.lifecycle:viewmodel:1.1.0] AndroidManifest.xml:20:5-44
MERGED from [android.arch.lifecycle:viewmodel:1.1.0] AndroidManifest.xml:20:5-44
MERGED from [com.facebook.fresco:fbcore:1.10.0] AndroidManifest.xml:5:5-7:41
MERGED from [com.facebook.fresco:fbcore:1.10.0] AndroidManifest.xml:5:5-7:41
MERGED from [android.arch.lifecycle:runtime:1.1.0] AndroidManifest.xml:20:5-44
MERGED from [android.arch.lifecycle:runtime:1.1.0] AndroidManifest.xml:20:5-44
MERGED from [android.arch.core:runtime:1.1.0] AndroidManifest.xml:20:5-44
MERGED from [android.arch.core:runtime:1.1.0] AndroidManifest.xml:20:5-44
INJECTED from src/main/AndroidManifest.xml
INJECTED from src/main/AndroidManifest.xml
	android:targetSdkVersion
		INJECTED from src/main/AndroidManifest.xml
		ADDED from src/main/AndroidManifest.xml
		INJECTED from src/main/AndroidManifest.xml
	android:minSdkVersion
		INJECTED from src/main/AndroidManifest.xml
		ADDED from src/main/AndroidManifest.xml
		INJECTED from src/main/AndroidManifest.xml
uses-feature#0x00020000
ADDED from [:zoomsdk] AndroidManifest.xml:11:5-54
	android:glEsVersion
		ADDED from [:zoomsdk] AndroidManifest.xml:11:19-51
uses-feature#android.hardware.camera
ADDED from [:zoomsdk] AndroidManifest.xml:12:5-14:36
	android:required
		ADDED from [:zoomsdk] AndroidManifest.xml:14:9-33
	android:name
		ADDED from [:zoomsdk] AndroidManifest.xml:13:9-47
uses-feature#android.hardware.camera.autofocus
ADDED from [:zoomsdk] AndroidManifest.xml:15:5-17:36
	android:required
		ADDED from [:zoomsdk] AndroidManifest.xml:17:9-33
	android:name
		ADDED from [:zoomsdk] AndroidManifest.xml:16:9-57
uses-feature#android.hardware.telephony
ADDED from [:zoomsdk] AndroidManifest.xml:18:5-20:36
	android:required
		ADDED from [:zoomsdk] AndroidManifest.xml:20:9-33
	android:name
		ADDED from [:zoomsdk] AndroidManifest.xml:19:9-50
uses-feature#android.hardware.bluetooth
ADDED from [:zoomsdk] AndroidManifest.xml:21:5-23:36
	android:required
		ADDED from [:zoomsdk] AndroidManifest.xml:23:9-33
	android:name
		ADDED from [:zoomsdk] AndroidManifest.xml:22:9-50
uses-feature#android.hardware.microphone
ADDED from [:zoomsdk] AndroidManifest.xml:24:5-26:36
	android:required
		ADDED from [:zoomsdk] AndroidManifest.xml:26:9-33
	android:name
		ADDED from [:zoomsdk] AndroidManifest.xml:25:9-51
uses-permission#android.permission.WRITE_EXTERNAL_STORAGE
ADDED from [:zoomsdk] AndroidManifest.xml:28:5-81
	android:name
		ADDED from [:zoomsdk] AndroidManifest.xml:28:22-78
uses-permission#android.permission.READ_PHONE_STATE
ADDED from [:zoomsdk] AndroidManifest.xml:30:5-75
	android:name
		ADDED from [:zoomsdk] AndroidManifest.xml:30:22-72
uses-permission#android.permission.ACCESS_NETWORK_STATE
ADDED from [:zoomsdk] AndroidManifest.xml:31:5-79
	android:name
		ADDED from [:zoomsdk] AndroidManifest.xml:31:22-76
uses-permission#android.permission.ACCESS_WIFI_STATE
ADDED from [:zoomsdk] AndroidManifest.xml:32:5-76
	android:name
		ADDED from [:zoomsdk] AndroidManifest.xml:32:22-73
uses-permission#android.permission.MODIFY_AUDIO_SETTINGS
ADDED from [:zoomsdk] AndroidManifest.xml:33:5-80
	android:name
		ADDED from [:zoomsdk] AndroidManifest.xml:33:22-77
uses-permission#android.permission.RECORD_AUDIO
ADDED from [:zoomsdk] AndroidManifest.xml:34:5-71
	android:name
		ADDED from [:zoomsdk] AndroidManifest.xml:34:22-68
uses-permission#android.permission.CAMERA
ADDED from [:zoomsdk] AndroidManifest.xml:35:5-65
	android:name
		ADDED from [:zoomsdk] AndroidManifest.xml:35:22-62
uses-permission#android.permission.BLUETOOTH
ADDED from [:zoomsdk] AndroidManifest.xml:36:5-68
	android:name
		ADDED from [:zoomsdk] AndroidManifest.xml:36:22-65
uses-permission#android.permission.BLUETOOTH_ADMIN
ADDED from [:zoomsdk] AndroidManifest.xml:37:5-74
	android:name
		ADDED from [:zoomsdk] AndroidManifest.xml:37:22-71
uses-permission#android.permission.BROADCAST_STICKY
ADDED from [:zoomsdk] AndroidManifest.xml:38:5-75
	android:name
		ADDED from [:zoomsdk] AndroidManifest.xml:38:22-72
uses-permission#android.permission.WAKE_LOCK
ADDED from [:zoomsdk] AndroidManifest.xml:39:5-68
	android:name
		ADDED from [:zoomsdk] AndroidManifest.xml:39:22-65
uses-permission#android.permission.CALL_PHONE
ADDED from [:zoomsdk] AndroidManifest.xml:40:5-69
	android:name
		ADDED from [:zoomsdk] AndroidManifest.xml:40:22-66
activity#com.zipow.videobox.JoinByURLActivity
ADDED from [:zoomsdk] AndroidManifest.xml:44:9-48:58
	android:launchMode
		ADDED from [:zoomsdk] AndroidManifest.xml:47:13-44
	android:configChanges
		ADDED from [:zoomsdk] AndroidManifest.xml:46:13-59
	android:theme
		ADDED from [:zoomsdk] AndroidManifest.xml:48:13-55
	android:name
		ADDED from [:zoomsdk] AndroidManifest.xml:45:13-64
activity#com.zipow.videobox.IntegrationActivity
ADDED from [:zoomsdk] AndroidManifest.xml:49:9-53:58
	android:launchMode
		ADDED from [:zoomsdk] AndroidManifest.xml:52:13-44
	android:configChanges
		ADDED from [:zoomsdk] AndroidManifest.xml:51:13-59
	android:theme
		ADDED from [:zoomsdk] AndroidManifest.xml:53:13-55
	android:name
		ADDED from [:zoomsdk] AndroidManifest.xml:50:13-66
activity#com.zipow.videobox.MeetingEndMessageActivity
ADDED from [:zoomsdk] AndroidManifest.xml:54:9-57:59
	android:configChanges
		ADDED from [:zoomsdk] AndroidManifest.xml:56:13-59
	android:theme
		ADDED from [:zoomsdk] AndroidManifest.xml:57:13-56
	android:name
		ADDED from [:zoomsdk] AndroidManifest.xml:55:13-72
activity#com.zipow.videobox.ConfActivityNormal
ADDED from [:zoomsdk] AndroidManifest.xml:58:9-63:56
	android:process
		ADDED from [:zoomsdk] AndroidManifest.xml:62:13-44
	android:hardwareAccelerated
		ADDED from [:zoomsdk] AndroidManifest.xml:61:13-48
	android:configChanges
		ADDED from [:zoomsdk] AndroidManifest.xml:60:13-59
	android:theme
		ADDED from [:zoomsdk] AndroidManifest.xml:63:13-53
	android:name
		ADDED from [:zoomsdk] AndroidManifest.xml:59:13-65
activity#com.zipow.videobox.PListActivity
ADDED from [:zoomsdk] AndroidManifest.xml:64:9-69:56
	android:process
		ADDED from [:zoomsdk] AndroidManifest.xml:68:13-44
	android:hardwareAccelerated
		ADDED from [:zoomsdk] AndroidManifest.xml:67:13-48
	android:configChanges
		ADDED from [:zoomsdk] AndroidManifest.xml:66:13-59
	android:theme
		ADDED from [:zoomsdk] AndroidManifest.xml:69:13-53
	android:name
		ADDED from [:zoomsdk] AndroidManifest.xml:65:13-60
activity#com.zipow.videobox.ConfChatActivity
ADDED from [:zoomsdk] AndroidManifest.xml:70:9-74:56
	android:process
		ADDED from [:zoomsdk] AndroidManifest.xml:73:13-44
	android:configChanges
		ADDED from [:zoomsdk] AndroidManifest.xml:72:13-59
	android:theme
		ADDED from [:zoomsdk] AndroidManifest.xml:74:13-53
	android:name
		ADDED from [:zoomsdk] AndroidManifest.xml:71:13-63
activity#com.zipow.videobox.MeetingRunningInfoActivity
ADDED from [:zoomsdk] AndroidManifest.xml:75:9-79:56
	android:process
		ADDED from [:zoomsdk] AndroidManifest.xml:78:13-44
	android:configChanges
		ADDED from [:zoomsdk] AndroidManifest.xml:77:13-59
	android:theme
		ADDED from [:zoomsdk] AndroidManifest.xml:79:13-53
	android:name
		ADDED from [:zoomsdk] AndroidManifest.xml:76:13-73
activity#com.zipow.videobox.CallInActivity
ADDED from [:zoomsdk] AndroidManifest.xml:80:9-84:56
	android:process
		ADDED from [:zoomsdk] AndroidManifest.xml:83:13-44
	android:configChanges
		ADDED from [:zoomsdk] AndroidManifest.xml:82:13-59
	android:theme
		ADDED from [:zoomsdk] AndroidManifest.xml:84:13-53
	android:name
		ADDED from [:zoomsdk] AndroidManifest.xml:81:13-61
activity#com.zipow.videobox.SimpleActivity
ADDED from [:zoomsdk] AndroidManifest.xml:85:9-89:70
	android:windowSoftInputMode
		ADDED from [:zoomsdk] AndroidManifest.xml:89:13-67
	android:configChanges
		ADDED from [:zoomsdk] AndroidManifest.xml:87:13-59
	android:theme
		ADDED from [:zoomsdk] AndroidManifest.xml:88:13-53
	android:name
		ADDED from [:zoomsdk] AndroidManifest.xml:86:13-61
activity#com.zipow.videobox.SimpleInMeetingActivity
ADDED from [:zoomsdk] AndroidManifest.xml:90:9-95:70
	android:process
		ADDED from [:zoomsdk] AndroidManifest.xml:93:13-44
	android:windowSoftInputMode
		ADDED from [:zoomsdk] AndroidManifest.xml:95:13-67
	android:configChanges
		ADDED from [:zoomsdk] AndroidManifest.xml:92:13-59
	android:theme
		ADDED from [:zoomsdk] AndroidManifest.xml:94:13-53
	android:name
		ADDED from [:zoomsdk] AndroidManifest.xml:91:13-70
activity#com.zipow.videobox.poll.PollingActivity
ADDED from [:zoomsdk] AndroidManifest.xml:96:9-99:56
	android:configChanges
		ADDED from [:zoomsdk] AndroidManifest.xml:98:13-59
	android:theme
		ADDED from [:zoomsdk] AndroidManifest.xml:99:13-53
	android:name
		ADDED from [:zoomsdk] AndroidManifest.xml:97:13-67
activity#com.zipow.videobox.poll.WebinarPollingActivity
ADDED from [:zoomsdk] AndroidManifest.xml:100:9-104:56
	android:process
		ADDED from [:zoomsdk] AndroidManifest.xml:103:13-44
	android:configChanges
		ADDED from [:zoomsdk] AndroidManifest.xml:102:13-59
	android:theme
		ADDED from [:zoomsdk] AndroidManifest.xml:104:13-53
	android:name
		ADDED from [:zoomsdk] AndroidManifest.xml:101:13-74
activity#com.zipow.videobox.poll.PollingResultActivity
ADDED from [:zoomsdk] AndroidManifest.xml:105:9-108:56
	android:configChanges
		ADDED from [:zoomsdk] AndroidManifest.xml:107:13-59
	android:theme
		ADDED from [:zoomsdk] AndroidManifest.xml:108:13-53
	android:name
		ADDED from [:zoomsdk] AndroidManifest.xml:106:13-73
activity#com.zipow.videobox.poll.WebinarPollingResultActivity
ADDED from [:zoomsdk] AndroidManifest.xml:109:9-113:56
	android:process
		ADDED from [:zoomsdk] AndroidManifest.xml:112:13-44
	android:configChanges
		ADDED from [:zoomsdk] AndroidManifest.xml:111:13-59
	android:theme
		ADDED from [:zoomsdk] AndroidManifest.xml:113:13-53
	android:name
		ADDED from [:zoomsdk] AndroidManifest.xml:110:13-80
activity#us.zoom.androidlib.app.ZMFileListActivity
ADDED from [:zoomsdk] AndroidManifest.xml:114:9-117:56
	android:configChanges
		ADDED from [:zoomsdk] AndroidManifest.xml:116:13-59
	android:theme
		ADDED from [:zoomsdk] AndroidManifest.xml:117:13-53
	android:name
		ADDED from [:zoomsdk] AndroidManifest.xml:115:13-69
service#com.zipow.videobox.PTService
ADDED from [:zoomsdk] AndroidManifest.xml:119:9-121:40
	android:exported
		ADDED from [:zoomsdk] AndroidManifest.xml:121:13-37
	android:name
		ADDED from [:zoomsdk] AndroidManifest.xml:120:13-56
service#com.zipow.videobox.ConfService
ADDED from [:zoomsdk] AndroidManifest.xml:122:9-125:47
	android:process
		ADDED from [:zoomsdk] AndroidManifest.xml:125:13-44
	android:exported
		ADDED from [:zoomsdk] AndroidManifest.xml:124:13-37
	android:name
		ADDED from [:zoomsdk] AndroidManifest.xml:123:13-58
service#com.zipow.videobox.kubi.KubiService
ADDED from [:zoomsdk] AndroidManifest.xml:126:9-129:51
	android:label
		ADDED from [:zoomsdk] AndroidManifest.xml:129:13-48
	android:exported
		ADDED from [:zoomsdk] AndroidManifest.xml:128:13-37
	android:name
		ADDED from [:zoomsdk] AndroidManifest.xml:127:13-63
uses-permission#android.permission.READ_EXTERNAL_STORAGE
IMPLIED from src/main/AndroidManifest.xml:1:1-26:12 reason: us.zoom.videomeetings requested WRITE_EXTERNAL_STORAGE